\BOOKMARK [0][-]{chapter.1}{\376\377\004\036\004\061\004\076\004\061\004\111\004\065\004\075\004\075\004\113\004\065\000\040\004\104\004\103\004\075\004\072\004\106\004\070\004\070}{}% 1
\BOOKMARK [1][-]{section.1.1}{\376\377\004\036\004\077\004\100\004\065\004\064\004\065\004\073\004\065\004\075\004\070\004\117}{chapter.1}% 2
\BOOKMARK [2][-]{subsection.1.1.1}{\376\377\004\032\004\073\004\060\004\101\004\101\000\040\004\076\004\101\004\075\004\076\004\062\004\075\004\113\004\105\000\040\004\076\004\061\004\076\004\061\004\111\004\065\004\075\004\075\004\113\004\105\000\040\004\104\004\103\004\075\004\072\004\106\004\070\004\071\000\040\000D\000\050\000R\000\051}{section.1.1}% 3
\BOOKMARK [2][-]{subsection.1.1.2}{\376\377\004\032\004\073\004\060\004\101\004\101\000\040\004\076\004\061\004\076\004\061\004\111\004\065\004\075\004\075\004\113\004\105\000\040\004\104\004\103\004\075\004\072\004\106\004\070\004\071\000\040\000\040}{section.1.1}% 4
\BOOKMARK [2][-]{subsection.1.1.3}{\376\377\004\040\004\065\004\063\004\103\004\073\004\117\004\100\004\075\004\113\004\065\000\040\004\070\000\040\004\101\004\070\004\075\004\063\004\103\004\073\004\117\004\100\004\075\004\113\004\065\000\040\004\076\004\061\004\076\004\061\004\111\004\065\004\075\004\075\004\113\004\065\000\040\004\104\004\103\004\075\004\072\004\106\004\070\004\070}{section.1.1}% 5
\BOOKMARK [1][-]{section.1.2}{\376\377\004\024\004\076\004\072\004\060\004\067\004\060\004\102\004\065\004\073\004\114\004\101\004\102\004\062\004\076\000\040\004\102\004\065\004\076\004\100\004\065\004\074\004\113\000\040\0001\000.\0001\000.\0003}{chapter.1}% 6
\BOOKMARK [1][-]{section.1.3}{\376\377\004\036\004\077\004\065\004\100\004\060\004\106\004\070\004\070\000\040\004\075\004\060\004\064\000\040\004\076\004\061\004\076\004\061\004\111\004\065\004\075\004\075\004\113\004\074\004\070\000\040\004\104\004\103\004\075\004\072\004\106\004\070\004\117\004\074\004\070}{chapter.1}% 7
\BOOKMARK [2][-]{subsection.1.3.1}{\376\377\004\043\004\074\004\075\004\076\004\066\004\065\004\075\004\070\004\065\000\040\004\075\004\060\000\040\004\063\004\073\004\060\004\064\004\072\004\103\004\116\000\040\004\104\004\103\004\075\004\072\004\106\004\070\004\116}{section.1.3}% 8
\BOOKMARK [2][-]{subsection.1.3.2}{\376\377\004\027\004\060\004\074\004\065\004\075\004\060\000\040\004\077\004\065\004\100\004\065\004\074\004\065\004\075\004\075\004\113\004\105}{section.1.3}% 9
\BOOKMARK [2][-]{subsection.1.3.3}{\376\377\004\024\004\070\004\104\004\104\004\065\004\100\004\065\004\075\004\106\004\070\004\100\004\076\004\062\004\060\004\075\004\070\004\065}{section.1.3}% 10
\BOOKMARK [2][-]{subsection.1.3.4}{\376\377\004\041\004\105\004\076\004\064\004\070\004\074\004\076\004\101\004\102\004\114}{section.1.3}% 11
\BOOKMARK [2][-]{subsection.1.3.5}{\376\377\004\035\004\076\004\101\004\070\004\102\004\065\004\073\004\114\000\040\004\076\004\061\004\076\004\111\004\065\004\075\004\075\004\076\004\071\000\040\004\104\004\103\004\075\004\072\004\106\004\070\004\070}{section.1.3}% 12
\BOOKMARK [1][-]{section.1.4}{\376\377\004\037\004\100\004\117\004\074\004\076\004\065\000\040\004\077\004\100\004\076\004\070\004\067\004\062\004\065\004\064\004\065\004\075\004\070\004\065\000\040\004\076\004\061\004\076\004\061\004\111\004\065\004\075\004\075\004\113\004\105\000\040\004\104\004\103\004\075\004\072\004\106\004\070\004\071}{chapter.1}% 13
\BOOKMARK [2][-]{subsection.1.4.1}{\376\377\004\037\004\100\004\076\004\101\004\102\004\100\004\060\004\075\004\101\004\102\004\062\004\076\000\040\000\040\000\040}{section.1.4}% 14
\BOOKMARK [2][-]{subsection.1.4.2}{\376\377\004\037\004\100\004\117\004\074\004\076\004\065\000\040\004\077\004\100\004\076\004\070\004\067\004\062\004\065\004\064\004\065\004\075\004\070\004\065}{section.1.4}% 15
\BOOKMARK [1][-]{section.1.5}{\376\377\004\041\004\062\004\121\004\100\004\102\004\072\004\060}{chapter.1}% 16
\BOOKMARK [2][-]{subsection.1.5.1}{\376\377\004\036\004\077\004\100\004\065\004\064\004\065\004\073\004\065\004\075\004\070\004\065}{section.1.5}% 17
\BOOKMARK [2][-]{subsection.1.5.2}{\376\377\004\027\004\060\004\074\004\065\004\107\004\060\004\075\004\070\004\065}{section.1.5}% 18
\BOOKMARK [1][-]{section.1.6}{\376\377\004\037\004\100\004\076\004\101\004\102\004\100\004\060\004\075\004\101\004\102\004\062\004\076\000\040\004\050\004\062\004\060\004\100\004\106\004\060\000\040\000\040}{chapter.1}% 19
\BOOKMARK [2][-]{subsection.1.6.1}{\376\377\004\037\004\100\004\076\004\101\004\102\004\100\004\060\004\075\004\101\004\102\004\062\004\076\000\040\004\061\004\113\004\101\004\102\004\100\004\076\000\040\004\103\004\061\004\113\004\062\004\060\004\116\004\111\004\070\004\105\000\040\004\104\004\103\004\075\004\072\004\106\004\070\004\071\000\040\000\040}{section.1.6}% 20
\BOOKMARK [2][-]{subsection.1.6.2}{\376\377\004\037\004\100\004\065\004\076\004\061\004\100\004\060\004\067\004\076\004\062\004\060\004\075\004\070\004\065\000\040\004\044\004\103\004\100\004\114\004\065}{section.1.6}% 21
\BOOKMARK [1][-]{section.1.7}{\376\377\004\037\004\100\004\076\004\101\004\102\004\100\004\060\004\075\004\101\004\102\004\062\004\076\000\040\004\050\004\062\004\060\004\100\004\106\004\060\000\040\000\040\000\040}{chapter.1}% 22
\BOOKMARK [2][-]{subsection.1.7.1}{\376\377\004\037\004\100\004\065\004\076\004\061\004\100\004\060\004\067\004\076\004\062\004\060\004\075\004\070\004\117\000\040\004\074\004\065\004\064\004\073\004\065\004\075\004\075\004\076\000\040\004\100\004\060\004\101\004\102\004\103\004\111\004\070\004\105\000\040\004\076\004\061\004\076\004\061\004\111\004\065\004\075\004\075\004\113\004\105\000\040\004\104\004\103\004\075\004\072\004\106\004\070\004\071\000\040\000\040}{section.1.7}% 23
\BOOKMARK [2][-]{subsection.1.7.2}{\376\377\004\037\004\100\004\065\004\076\004\061\004\100\004\060\004\067\004\076\004\062\004\060\004\075\004\070\004\065\000\040\004\044\004\103\004\100\004\114\004\065\000\040\004\075\004\060\000\040\000\040}{section.1.7}% 24
\BOOKMARK [2][-]{subsection.1.7.3}{\376\377\004\041\004\062\004\121\004\100\004\102\004\072\004\060}{section.1.7}% 25
\BOOKMARK [2][-]{subsection.1.7.4}{\376\377\004\041\004\073\004\103\004\107\004\060\004\071\000\040\000R\000n}{section.1.7}% 26
\BOOKMARK [0][-]{chapter.2}{\376\377\004\043\004\100\004\060\004\062\004\075\004\065\004\075\004\070\004\117\000\040\004\074\004\060\004\102\004\065\004\074\004\060\004\102\004\070\004\107\004\065\004\101\004\072\004\076\004\071\000\040\004\104\004\070\004\067\004\070\004\072\004\070}{}% 27
\BOOKMARK [1][-]{section.2.1}{\376\377\004\022\004\062\004\065\004\064\004\065\004\075\004\070\004\065}{chapter.2}% 28
\BOOKMARK [2][-]{subsection.2.1.1}{\376\377\004\042\004\070\004\077\004\113\000\040\004\103\004\100\004\060\004\062\004\075\004\065\004\075\004\070\004\071}{section.2.1}% 29
\BOOKMARK [2][-]{subsection.2.1.2}{\376\377\004\032\004\100\004\060\004\065\004\062\004\113\004\065\000\040\004\103\004\101\004\073\004\076\004\062\004\070\004\117}{section.2.1}% 30
\BOOKMARK [1][-]{section.2.2}{\376\377\004\036\004\064\004\075\004\076\004\074\004\065\004\100\004\075\004\076\004\065\000\040\004\062\004\076\004\073\004\075\004\076\004\062\004\076\004\065\000\040\004\103\004\100\004\060\004\062\004\075\004\065\004\075\004\070\004\065}{chapter.2}% 31
\BOOKMARK [2][-]{subsection.2.2.1}{\376\377\004\043\004\100\004\060\004\062\004\075\004\065\004\075\004\070\004\065\000\040\004\101\004\102\004\100\004\103\004\075\004\113}{section.2.2}% 32
\BOOKMARK [2][-]{subsection.2.2.2}{\376\377\004\034\004\065\004\102\004\076\004\064\000\040\004\024\004\060\004\073\004\060\004\074\004\061\004\065\004\100\004\060}{section.2.2}% 33
\BOOKMARK [2][-]{subsection.2.2.3}{\376\377\004\044\004\103\004\075\004\072\004\106\004\070\004\117\000\040\004\023\004\100\004\070\004\075\004\060\000\040\004\064\004\073\004\117\000\040\004\061\004\065\004\101\004\072\004\076\004\075\004\065\004\107\004\075\004\076\004\071\000\040\004\101\004\102\004\100\004\103\004\075\004\113}{section.2.2}% 34
\BOOKMARK [1][-]{section.2.3}{\376\377\004\022\004\076\004\073\004\075\004\076\004\062\004\076\004\065\000\040\004\103\004\100\004\060\004\062\004\075\004\065\004\075\004\070\004\065\000\040\004\062\000\040\000R\0003}{chapter.2}% 35
\BOOKMARK [2][-]{subsection.2.3.1}{\376\377\004\044\004\103\004\075\004\072\004\106\004\070\004\117\000\040\004\023\004\100\004\070\004\075\004\060}{section.2.3}% 36
\BOOKMARK [2][-]{subsection.2.3.2}{\376\377\004\040\004\065\004\110\004\065\004\075\004\070\004\065\000\040\004\062\004\076\004\073\004\075\004\076\004\062\004\076\004\063\004\076\000\040\004\103\004\100\004\060\004\062\004\075\004\065\004\075\004\070\004\117\000\040\004\062\000\040\000R\0003\000\040}{section.2.3}% 37
